This is pdfTeX, Version 3.14159265-2.6-1.40.18 (TeX Live 2017/Debian) (preloaded format=pdflatex 2018.9.14)  2 DEC 2018 17:49
entering extended mode
 restricted \write18 enabled.
 %&-line parsing enabled.
**PSRJ0737.tex
(./PSRJ0737.tex
LaTeX2e <2017-04-15>
Babel <3.18> and hyphenation patterns for 3 language(s) loaded.
(./iau.cls
Document Class: iau 2004/05/17 v1.04 Proceedings IAU Symposium document class
\halflineskip=\skip41
\affilskip=\skip42
\c@part=\count79
\c@section=\count80
\c@subsection=\count81
\c@subsubsection=\count82
\c@paragraph=\count83
\@indentskip=\skip43
\smallindent=\skip44
\@footindent=\skip45
\footheight=\skip46
\@leftskip=\skip47
\proofbox=\box26
\rpbdim=\skip48
\@stequation=\toks14
\c@subequation=\count84
\c@table=\count85
\c@figure=\count86
LaTeX Info: Redefining \cite on input line 1243.



Found AMS Euler Roman fonts on the system, but you dont seem to have the
'upmath' package installed. iauc.cls can take advantage of these fonts,
if you use 'upmath' package.




Found AMS Symbol fonts on the system, using the 'amssymb' package.

(/usr/share/texlive/texmf-dist/tex/latex/amsfonts/amssymb.sty
Package: amssymb 2013/01/14 v3.01 AMS font symbols

(/usr/share/texlive/texmf-dist/tex/latex/amsfonts/amsfonts.sty
Package: amsfonts 2013/01/14 v3.01 Basic AMSFonts support
\@emptytoks=\toks15
\symAMSa=\mathgroup4
\symAMSb=\mathgroup5
LaTeX Font Info:    Overwriting math alphabet `\mathfrak' in version `bold'
(Font)                  U/euf/m/n --> U/euf/b/n on input line 106.
))

Found the 'amsbsy' package on the system, using it.

(/usr/share/texlive/texmf-dist/tex/latex/amsmath/amsbsy.sty
Package: amsbsy 1999/11/29 v1.2d Bold Symbols

(/usr/share/texlive/texmf-dist/tex/latex/amsmath/amsgen.sty
File: amsgen.sty 1999/11/30 v2.0 generic functions
\@emptytoks=\toks16
\ex@=\dimen102
)
\pmbraise@=\dimen103
)
\astrutbox=\box27
\c@theorem=\count87
\c@lemma=\count88
\c@corollary=\count89
)
(/usr/share/texlive/texmf-dist/tex/latex/graphics/graphicx.sty
Package: graphicx 2017/06/01 v1.1a Enhanced LaTeX Graphics (DPC,SPQR)

(/usr/share/texlive/texmf-dist/tex/latex/graphics/keyval.sty
Package: keyval 2014/10/28 v1.15 key=value parser (DPC)
\KV@toks@=\toks17
)
(/usr/share/texlive/texmf-dist/tex/latex/graphics/graphics.sty
Package: graphics 2017/06/25 v1.2c Standard LaTeX Graphics (DPC,SPQR)

(/usr/share/texlive/texmf-dist/tex/latex/graphics/trig.sty
Package: trig 2016/01/03 v1.10 sin cos tan (DPC)
)
(/usr/share/texlive/texmf-dist/tex/latex/graphics-cfg/graphics.cfg
File: graphics.cfg 2016/06/04 v1.11 sample graphics configuration
)
Package graphics Info: Driver file: pdftex.def on input line 99.

(/usr/share/texlive/texmf-dist/tex/latex/graphics-def/pdftex.def
File: pdftex.def 2018/01/08 v1.0l Graphics/color driver for pdftex
))
\Gin@req@height=\dimen104
\Gin@req@width=\dimen105
)
(/usr/share/texlive/texmf-dist/tex/latex/float/float.sty
Package: float 2001/11/08 v1.3d Float enhancements (AL)
\c@float@type=\count90
\float@exts=\toks18
\float@box=\box28
\@float@everytoks=\toks19
\@floatcapt=\box29
) (./PSRJ0737.aux)
\openout1 = `PSRJ0737.aux'.

LaTeX Font Info:    Checking defaults for OML/cmm/m/it on input line 35.
LaTeX Font Info:    ... okay on input line 35.
LaTeX Font Info:    Checking defaults for T1/cmr/m/n on input line 35.
LaTeX Font Info:    ... okay on input line 35.
LaTeX Font Info:    Checking defaults for OT1/cmr/m/n on input line 35.
LaTeX Font Info:    ... okay on input line 35.
LaTeX Font Info:    Checking defaults for OMS/cmsy/m/n on input line 35.
LaTeX Font Info:    ... okay on input line 35.
LaTeX Font Info:    Checking defaults for OMX/cmex/m/n on input line 35.
LaTeX Font Info:    ... okay on input line 35.
LaTeX Font Info:    Checking defaults for U/cmr/m/n on input line 35.
LaTeX Font Info:    ... okay on input line 35.

(/usr/share/texlive/texmf-dist/tex/context/base/mkii/supp-pdf.mkii
[Loading MPS to PDF converter (version 2006.09.02).]
\scratchcounter=\count91
\scratchdimen=\dimen106
\scratchbox=\box30
\nofMPsegments=\count92
\nofMParguments=\count93
\everyMPshowfont=\toks20
\MPscratchCnt=\count94
\MPscratchDim=\dimen107
\MPnumerator=\count95
\makeMPintoPDFobject=\count96
\everyMPtoPDFconversion=\toks21
) (/usr/share/texlive/texmf-dist/tex/latex/oberdiek/epstopdf-base.sty
Package: epstopdf-base 2016/05/15 v2.6 Base part for package epstopdf

(/usr/share/texlive/texmf-dist/tex/generic/oberdiek/infwarerr.sty
Package: infwarerr 2016/05/16 v1.4 Providing info/warning/error messages (HO)
)
(/usr/share/texlive/texmf-dist/tex/latex/oberdiek/grfext.sty
Package: grfext 2016/05/16 v1.2 Manage graphics extensions (HO)

(/usr/share/texlive/texmf-dist/tex/generic/oberdiek/kvdefinekeys.sty
Package: kvdefinekeys 2016/05/16 v1.4 Define keys (HO)

(/usr/share/texlive/texmf-dist/tex/generic/oberdiek/ltxcmds.sty
Package: ltxcmds 2016/05/16 v1.23 LaTeX kernel commands for general use (HO)
)))
(/usr/share/texlive/texmf-dist/tex/latex/oberdiek/kvoptions.sty
Package: kvoptions 2016/05/16 v3.12 Key value format for package options (HO)

(/usr/share/texlive/texmf-dist/tex/generic/oberdiek/kvsetkeys.sty
Package: kvsetkeys 2016/05/16 v1.17 Key value parser (HO)

(/usr/share/texlive/texmf-dist/tex/generic/oberdiek/etexcmds.sty
Package: etexcmds 2016/05/16 v1.6 Avoid name clashes with e-TeX commands (HO)

(/usr/share/texlive/texmf-dist/tex/generic/oberdiek/ifluatex.sty
Package: ifluatex 2016/05/16 v1.4 Provides the ifluatex switch (HO)
Package ifluatex Info: LuaTeX not detected.
)
Package etexcmds Info: Could not find \expanded.
(etexcmds)             That can mean that you are not using pdfTeX 1.50 or
(etexcmds)             that some package has redefined \expanded.
(etexcmds)             In the latter case, load this package earlier.
)))
(/usr/share/texlive/texmf-dist/tex/generic/oberdiek/pdftexcmds.sty
Package: pdftexcmds 2018/01/21 v0.26 Utility functions of pdfTeX for LuaTeX (HO
)

(/usr/share/texlive/texmf-dist/tex/generic/oberdiek/ifpdf.sty
Package: ifpdf 2017/03/15 v3.2 Provides the ifpdf switch
)
Package pdftexcmds Info: LuaTeX not detected.
Package pdftexcmds Info: \pdf@primitive is available.
Package pdftexcmds Info: \pdf@ifprimitive is available.
Package pdftexcmds Info: \pdfdraftmode found.
)
Package epstopdf-base Info: Redefining graphics rule for `.eps' on input line 4
38.
Package grfext Info: Graphics extension search list:
(grfext)             [.pdf,.png,.jpg,.mps,.jpeg,.jbig2,.jb2,.PDF,.PNG,.JPG,.JPE
G,.JBIG2,.JB2,.eps]
(grfext)             \AppendGraphicsExtensions on input line 456.

(/usr/share/texlive/texmf-dist/tex/latex/latexconfig/epstopdf-sys.cfg
File: epstopdf-sys.cfg 2010/07/13 v1.3 Configuration of (r)epstopdf for TeX Liv
e
))
LaTeX Font Info:    Try loading font information for U+msa on input line 38.

(/usr/share/texlive/texmf-dist/tex/latex/amsfonts/umsa.fd
File: umsa.fd 2013/01/14 v3.01 AMS symbols A
)
LaTeX Font Info:    Try loading font information for U+msb on input line 38.

(/usr/share/texlive/texmf-dist/tex/latex/amsfonts/umsb.fd
File: umsb.fd 2013/01/14 v3.01 AMS symbols B
)
Package epstopdf Info: Source file: <fig1.eps>
(epstopdf)                    date: 2018-10-17 04:46:45
(epstopdf)                    size: 3025188 bytes
(epstopdf)             Output file: <fig1-eps-converted-to.pdf>
(epstopdf)                    date: 2018-10-17 04:50:38
(epstopdf)                    size: 33325 bytes
(epstopdf)             Command: <repstopdf --outfile=fig1-eps-converted-to.pdf 
fig1.eps>
(epstopdf)             \includegraphics on input line 76.
Package epstopdf Info: Output file is already uptodate.


pdfTeX warning: /usr/bin/pdflatex (file ./fig1-eps-converted-to.pdf): PDF inclu
sion: found PDF version <1.7>, but at most version <1.5> allowed
<fig1-eps-converted-to.pdf, id=1, 540.51938pt x 520.94624pt>
File: fig1-eps-converted-to.pdf Graphic file (type pdf)
<use fig1-eps-converted-to.pdf>
Package pdftex.def Info: fig1-eps-converted-to.pdf  used on input line 76.
(pdftex.def)             Requested size: 245.71754pt x 236.81628pt.

Underfull \vbox (badness 2384) has occurred while \output is active []

LaTeX Font Info:    Try loading font information for OMS+cmr on input line 81.

(/usr/share/texlive/texmf-dist/tex/latex/base/omscmr.fd
File: omscmr.fd 2014/09/29 v2.5h Standard LaTeX font definitions
)
LaTeX Font Info:    Font shape `OMS/cmr/m/n' in size <8> not available
(Font)              Font shape `OMS/cmsy/m/n' tried instead on input line 81.
 [1{/var/lib/texmf/fonts/map/pdftex/updmap/pdftex.map}]

LaTeX Warning: No positions in optional float specifier.
               Default added (so using `tbp') on input line 84.

[2 <./fig1-eps-converted-to.pdf>]

LaTeX Warning: No positions in optional float specifier.
               Default added (so using `tbp') on input line 102.

Missing character: There is no â in font cmr9!
Missing character: There is no ˆ in font cmr9!
Missing character: There is no ’ in font cmr9!
Missing character: There is no â in font cmr9!
Missing character: There is no ˆ in font cmr9!
Missing character: There is no ’ in font cmr9!
Missing character: There is no â in font cmr9!
Missing character: There is no ˆ in font cmr9!
Missing character: There is no ’ in font cmr9!
Package epstopdf Info: Source file: <fig2.eps>
(epstopdf)                    date: 2018-10-17 20:47:03
(epstopdf)                    size: 1313247 bytes
(epstopdf)             Output file: <fig2-eps-converted-to.pdf>
(epstopdf)                    date: 2018-10-17 20:48:15
(epstopdf)                    size: 66832 bytes
(epstopdf)             Command: <repstopdf --outfile=fig2-eps-converted-to.pdf 
fig2.eps>
(epstopdf)             \includegraphics on input line 125.
Package epstopdf Info: Output file is already uptodate.


pdfTeX warning: /usr/bin/pdflatex (file ./fig2-eps-converted-to.pdf): PDF inclu
sion: found PDF version <1.7>, but at most version <1.5> allowed
<fig2-eps-converted-to.pdf, id=31, 610.45467pt x 598.41064pt>
File: fig2-eps-converted-to.pdf Graphic file (type pdf)
<use fig2-eps-converted-to.pdf>
Package pdftex.def Info: fig2-eps-converted-to.pdf  used on input line 125.
(pdftex.def)             Requested size: 245.71754pt x 240.86662pt.

Underfull \vbox (badness 10000) has occurred while \output is active []

 [3]
Package epstopdf Info: Source file: <fig3.eps>
(epstopdf)                    date: 2018-10-17 21:03:22
(epstopdf)                    size: 2160151 bytes
(epstopdf)             Output file: <fig3-eps-converted-to.pdf>
(epstopdf)                    date: 2018-10-17 21:04:10
(epstopdf)                    size: 102267 bytes
(epstopdf)             Command: <repstopdf --outfile=fig3-eps-converted-to.pdf 
fig3.eps>
(epstopdf)             \includegraphics on input line 139.
Package epstopdf Info: Output file is already uptodate.


pdfTeX warning: /usr/bin/pdflatex (file ./fig3-eps-converted-to.pdf): PDF inclu
sion: found PDF version <1.7>, but at most version <1.5> allowed
<fig3-eps-converted-to.pdf, id=37, 550.31299pt x 848.67564pt>
File: fig3-eps-converted-to.pdf Graphic file (type pdf)
<use fig3-eps-converted-to.pdf>
Package pdftex.def Info: fig3-eps-converted-to.pdf  used on input line 139.
(pdftex.def)             Requested size: 245.71754pt x 378.94797pt.
Missing character: There is no Â in font cmr9!
Missing character: There is no ° in font cmr9!

Underfull \vbox (badness 10000) has occurred while \output is active []

 [4 <./fig2-eps-converted-to.pdf>]
Package epstopdf Info: Source file: <fig4.eps>
(epstopdf)                    date: 2018-10-17 21:11:47
(epstopdf)                    size: 2024433 bytes
(epstopdf)             Output file: <fig4-eps-converted-to.pdf>
(epstopdf)                    date: 2018-10-17 21:12:01
(epstopdf)                    size: 59881 bytes
(epstopdf)             Command: <repstopdf --outfile=fig4-eps-converted-to.pdf 
fig4.eps>
(epstopdf)             \includegraphics on input line 148.
Package epstopdf Info: Output file is already uptodate.


pdfTeX warning: /usr/bin/pdflatex (file ./fig4-eps-converted-to.pdf): PDF inclu
sion: found PDF version <1.7>, but at most version <1.5> allowed
<fig4-eps-converted-to.pdf, id=44, 485.56406pt x 387.69844pt>
File: fig4-eps-converted-to.pdf Graphic file (type pdf)
<use fig4-eps-converted-to.pdf>
Package pdftex.def Info: fig4-eps-converted-to.pdf  used on input line 148.
(pdftex.def)             Requested size: 485.56287pt x 387.69748pt.

Overfull \hbox (101.56287pt too wide) in paragraph at lines 148--155
 [] 
 []

Missing character: There is no â in font cmr9!
Missing character: There is no ˆ in font cmr9!
Missing character: There is no ’ in font cmr9!

Underfull \vbox (badness 10000) has occurred while \output is active []

 [5 <./fig3-eps-converted-to.pdf>]
Underfull \vbox (badness 10000) has occurred while \output is active []

 [6 <./fig4-eps-converted-to.pdf>]
Overfull \hbox (9.58453pt too wide) in paragraph at lines 174--175
[]\OT1/cmr/m/n/10 The pul-sar proper mo-tion was es-ti-mated by Fer-raro et. al
 (2012) to be $\OML/cmm/m/it/10 ^^V[]$\OT1/cmr/m/n/10 =3.82$\OMS/cmsy/m/n/10 ^^
F$\OT1/cmr/m/n/10 0.62
 []

[7]
Package epstopdf Info: Source file: <fig5.eps>
(epstopdf)                    date: 2018-12-02 17:40:48
(epstopdf)                    size: 1054313 bytes
(epstopdf)             Output file: <fig5-eps-converted-to.pdf>
(epstopdf)                    date: 2018-12-02 17:41:54
(epstopdf)                    size: 201885 bytes
(epstopdf)             Command: <repstopdf --outfile=fig5-eps-converted-to.pdf 
fig5.eps>
(epstopdf)             \includegraphics on input line 180.
Package epstopdf Info: Output file is already uptodate.


pdfTeX warning: /usr/bin/pdflatex (file ./fig5-eps-converted-to.pdf): PDF inclu
sion: found PDF version <1.7>, but at most version <1.5> allowed
<fig5-eps-converted-to.pdf, id=61, 986.68625pt x 527.9725pt>
File: fig5-eps-converted-to.pdf Graphic file (type pdf)
<use fig5-eps-converted-to.pdf>
Package pdftex.def Info: fig5-eps-converted-to.pdf  used on input line 180.
(pdftex.def)             Requested size: 245.71754pt x 131.4772pt.
Package epstopdf Info: Source file: <fig6.eps>
(epstopdf)                    date: 2018-12-02 17:40:58
(epstopdf)                    size: 1275596 bytes
(epstopdf)             Output file: <fig6-eps-converted-to.pdf>
(epstopdf)                    date: 2018-12-02 17:43:08
(epstopdf)                    size: 197949 bytes
(epstopdf)             Command: <repstopdf --outfile=fig6-eps-converted-to.pdf 
fig6.eps>
(epstopdf)             \includegraphics on input line 191.
Package epstopdf Info: Output file is already uptodate.


pdfTeX warning: /usr/bin/pdflatex (file ./fig6-eps-converted-to.pdf): PDF inclu
sion: found PDF version <1.7>, but at most version <1.5> allowed
<fig6-eps-converted-to.pdf, id=62, 939.51pt x 671.50874pt>
File: fig6-eps-converted-to.pdf Graphic file (type pdf)
<use fig6-eps-converted-to.pdf>
Package pdftex.def Info: fig6-eps-converted-to.pdf  used on input line 191.
(pdftex.def)             Requested size: 245.71754pt x 175.62303pt.
Missing character: There is no â in font cmr9!
Missing character: There is no ˆ in font cmr9!
Missing character: There is no ’ in font cmr9!
Missing character: There is no â in font cmr9!
Missing character: There is no ˆ in font cmr9!
Missing character: There is no ’ in font cmr9!

Underfull \vbox (badness 10000) has occurred while \output is active []

 [8 <./fig5-eps-converted-to.pdf>]
Missing character: There is no â in font cmr9!
Missing character: There is no € in font cmr9!
Missing character: There is no ™ in font cmr9!
Missing character: There is no â in font cmr9!
Missing character: There is no € in font cmr9!
Missing character: There is no “ in font cmr9!
Missing character: There is no â in font cmr9!
Missing character: There is no € in font cmr9!
Missing character: There is no ™ in font cmr9!
Missing character: There is no â in font cmr9!
Missing character: There is no € in font cmr9!
Missing character: There is no “ in font cmr9!
Missing character: There is no â in font cmr9!
Missing character: There is no € in font cmr9!
Missing character: There is no “ in font cmr9!
Missing character: There is no â in font cmr9!
Missing character: There is no € in font cmr9!
Missing character: There is no £ in font cmr9!
Missing character: There is no â in font cmr9!
Missing character: There is no € in font cmr9!
Missing character: There is no ™ in font cmr9!
Missing character: There is no â in font cmr9!
Missing character: There is no € in font cmr9!
Missing character: There is no “ in font cmr9!
Missing character: There is no â in font cmr9!
Missing character: There is no € in font cmr9!
Missing character: There is no “ in font cmr9!
Missing character: There is no â in font cmr9!
Missing character: There is no € in font cmr9!
Missing character: There is no “ in font cmr9!
 [9 <./fig6-eps-converted-to.pdf>] (./PSRJ0737.aux) ) 
Here is how much of TeX's memory you used:
 2215 strings out of 494923
 29362 string characters out of 6180742
 83301 words of memory out of 5000000
 5493 multiletter control sequences out of 15000+600000
 17002 words of font info for 66 fonts, out of 8000000 for 9000
 14 hyphenation exceptions out of 8191
 41i,14n,28p,1181b,280s stack positions out of 5000i,500n,10000p,200000b,80000s
</usr/share/texlive/texmf-
dist/fonts/type1/public/amsfonts/cm/cmbx10.pfb></usr/share/texlive/texmf-dist/f
onts/type1/public/amsfonts/cm/cmbx12.pfb></usr/share/texlive/texmf-dist/fonts/t
ype1/public/amsfonts/cm/cmbx9.pfb></usr/share/texlive/texmf-dist/fonts/type1/pu
blic/amsfonts/cm/cmmi10.pfb></usr/share/texlive/texmf-dist/fonts/type1/public/a
msfonts/cm/cmmi6.pfb></usr/share/texlive/texmf-dist/fonts/type1/public/amsfonts
/cm/cmmi7.pfb></usr/share/texlive/texmf-dist/fonts/type1/public/amsfonts/cm/cmm
i9.pfb></usr/share/texlive/texmf-dist/fonts/type1/public/amsfonts/cm/cmr10.pfb>
</usr/share/texlive/texmf-dist/fonts/type1/public/amsfonts/cm/cmr6.pfb></usr/sh
are/texlive/texmf-dist/fonts/type1/public/amsfonts/cm/cmr7.pfb></usr/share/texl
ive/texmf-dist/fonts/type1/public/amsfonts/cm/cmr8.pfb></usr/share/texlive/texm
f-dist/fonts/type1/public/amsfonts/cm/cmr9.pfb></usr/share/texlive/texmf-dist/f
onts/type1/public/amsfonts/cm/cmsy10.pfb></usr/share/texlive/texmf-dist/fonts/t
ype1/public/amsfonts/cm/cmsy6.pfb></usr/share/texlive/texmf-dist/fonts/type1/pu
blic/amsfonts/cm/cmsy7.pfb></usr/share/texlive/texmf-dist/fonts/type1/public/am
sfonts/cm/cmsy8.pfb></usr/share/texlive/texmf-dist/fonts/type1/public/amsfonts/
cm/cmsy9.pfb></usr/share/texlive/texmf-dist/fonts/type1/public/amsfonts/cm/cmti
10.pfb></usr/share/texlive/texmf-dist/fonts/type1/public/amsfonts/cm/cmti8.pfb>
</usr/share/texlive/texmf-dist/fonts/type1/public/amsfonts/cm/cmtt9.pfb>
Output written on PSRJ0737.pdf (9 pages, 895508 bytes).
PDF statistics:
 148 PDF objects out of 1000 (max. 8388607)
 100 compressed objects within 1 object stream
 0 named destinations out of 1000 (max. 500000)
 31 words of extra memory for PDF output out of 10000 (max. 10000000)

